<?xml version="1.0" encoding="UTF-8"?>
<!-- Generated by org.testng.reporters.JUnitXMLReporter -->
<testsuite hostname="DESKTOP-ABG1N84" ignored="0" name="Test2" tests="6" failures="0" timestamp="22 Mar 2019 17:32:24 GMT" time="0.06" errors="0">
  <testcase name="test1" time="0.001" classname="scripts.testng.TestNgConfig3"/>
  <testcase name="test2" time="0.002" classname="scripts.testng.TestNgConfig3"/>
  <testcase name="test3" time="0.003" classname="scripts.testng.TestNgConfig3"/>
  <testcase name="test1" time="0.001" classname="scripts.testng.TestNgConfig4"/>
  <testcase name="test2" time="0.023" classname="scripts.testng.TestNgConfig4"/>
  <testcase name="test3" time="0.002" classname="scripts.testng.TestNgConfig4"/>
</testsuite> <!-- Test2 -->
