<?xml version="1.0" encoding="UTF-8"?>
<!-- Generated by org.testng.reporters.JUnitXMLReporter -->
<testsuite hostname="DESKTOP-ABG1N84" ignored="0" name="Test1" tests="7" failures="0" timestamp="22 Mar 2019 17:32:24 GMT" time="65.949" errors="0">
  <testcase name="test1" time="0.011" classname="scripts.testng.TestNgConfig1"/>
  <testcase name="test2" time="0.008" classname="scripts.testng.TestNgConfig1"/>
  <testcase name="test3" time="0.004" classname="scripts.testng.TestNgConfig1"/>
  <testcase name="test1" time="0.013" classname="scripts.testng.TestNgConfig2"/>
  <testcase name="test2" time="0.022" classname="scripts.testng.TestNgConfig2"/>
  <testcase name="test3" time="0.007" classname="scripts.testng.TestNgConfig2"/>
  <testcase name="flipkartlinks" time="38.867" classname="scripts.testng.FlipkartAllLinks2"/>
</testsuite> <!-- Test1 -->
