<?xml version="1.0" encoding="UTF-8"?>
<testng-results skipped="0" failed="0" ignored="0" total="1" passed="1">
  <reporter-output>
  </reporter-output>
  <suite name="Default suite" duration-ms="25277" started-at="2019-04-03T11:28:45Z" finished-at="2019-04-03T11:29:10Z">
    <groups>
    </groups>
    <test name="Default test" duration-ms="25277" started-at="2019-04-03T11:28:45Z" finished-at="2019-04-03T11:29:10Z">
      <class name="scripts.actions.Assignment4">
        <test-method status="PASS" signature="beforeMethod()[pri:0, instance:scripts.actions.Assignment4@2b98378d]" name="beforeMethod" is-config="true" duration-ms="17070" started-at="2019-04-03T11:28:45Z" finished-at="2019-04-03T11:29:02Z">
          <reporter-output>
          </reporter-output>
        </test-method> <!-- beforeMethod -->
        <test-method status="PASS" signature="Windowhandling1()[pri:0, instance:scripts.actions.Assignment4@2b98378d]" name="Windowhandling1" duration-ms="8169" started-at="2019-04-03T11:29:02Z" finished-at="2019-04-03T11:29:10Z">
          <reporter-output>
          </reporter-output>
        </test-method> <!-- Windowhandling1 -->
        <test-method status="PASS" signature="afterMethod()[pri:0, instance:scripts.actions.Assignment4@2b98378d]" name="afterMethod" is-config="true" duration-ms="0" started-at="2019-04-03T11:29:10Z" finished-at="2019-04-03T11:29:10Z">
          <reporter-output>
          </reporter-output>
        </test-method> <!-- afterMethod -->
      </class> <!-- scripts.actions.Assignment4 -->
    </test> <!-- Default test -->
  </suite> <!-- Default suite -->
</testng-results>
